build/app/intermediates/manifest_merge_blame_file/release/manifest-merger-blame-release-report.txt
1<?xml version="1.0" encoding="utf-8"?>
2<manifest xmlns:android="http://schemas.android.com/apk/res/android"
3    package="com.jhatfat"
4    android:versionCode="36"
5    android:versionName="36.0" >
6
7    <uses-sdk
8        android:minSdkVersion="21"
8-->src/main/AndroidManifest.xml
9        android:targetSdkVersion="33" />
9-->src/main/AndroidManifest.xml
10
11    <uses-permission android:name="android.permission.CAMERA" />
11-->src/main/AndroidManifest.xml:4:5-65
11-->src/main/AndroidManifest.xml:4:22-62
12
13    <!-- added these permissions -->
14    <uses-permission android:name="android.permission.ACCESS_FINE_LOCATION" />
14-->src/main/AndroidManifest.xml:7:5-79
14-->src/main/AndroidManifest.xml:7:22-76
15    <uses-permission android:name="android.permission.WAKE_LOCK" />
15-->src/main/AndroidManifest.xml:8:5-68
15-->src/main/AndroidManifest.xml:8:22-65
16    <uses-permission android:name="android.permission.INTERNET" />
16-->src/main/AndroidManifest.xml:9:5-67
16-->src/main/AndroidManifest.xml:9:22-64
17    <uses-permission android:name="android.permission.FOREGROUND_SERVICE" />
17-->src/main/AndroidManifest.xml:10:5-77
17-->src/main/AndroidManifest.xml:10:22-74
18    <uses-permission android:name="android.permission.RECEIVE_BOOT_COMPLETED" />
18-->src/main/AndroidManifest.xml:11:5-80
18-->src/main/AndroidManifest.xml:11:22-78
19    <uses-permission android:name="android.permission.VIBRATE" />
19-->src/main/AndroidManifest.xml:12:5-66
19-->src/main/AndroidManifest.xml:12:22-63
20    <uses-permission android:name="android.permission.ACCESS_NETWORK_STATE" /> <!-- Permissions options for the `notification` group -->
20-->[:firebase_messaging] AndroidManifest.xml:11:5-79
20-->[:firebase_messaging] AndroidManifest.xml:11:22-76
21    <uses-permission android:name="android.permission.POST_NOTIFICATIONS" />
21-->[:firebase_messaging] AndroidManifest.xml:13:5-77
21-->[:firebase_messaging] AndroidManifest.xml:13:22-74
22    <uses-permission android:name="android.permission.USE_FULL_SCREEN_INTENT" />
22-->[:flutter_local_notifications] AndroidManifest.xml:11:5-81
22-->[:flutter_local_notifications] AndroidManifest.xml:11:22-78
23    <uses-permission android:name="android.permission.SCHEDULE_EXACT_ALARM" />
23-->[:flutter_local_notifications] AndroidManifest.xml:12:5-79
23-->[:flutter_local_notifications] AndroidManifest.xml:12:22-76
24    <uses-permission android:name="android.permission.RECORD_AUDIO" />
24-->[:camera_android] AndroidManifest.xml:10:5-71
24-->[:camera_android] AndroidManifest.xml:10:22-68
25    <uses-permission android:name="android.permission.ACCESS_COARSE_LOCATION" /> <!-- Required by older versions of Google Play services to create IID tokens -->
25-->[:location] AndroidManifest.xml:9:5-81
25-->[:location] AndroidManifest.xml:9:22-78
26    <uses-permission android:name="com.google.android.c2dm.permission.RECEIVE" />
26-->[com.google.firebase:firebase-messaging:23.0.8] AndroidManifest.xml:29:5-82
26-->[com.google.firebase:firebase-messaging:23.0.8] AndroidManifest.xml:29:22-79
27
28    <queries>
28-->[com.razorpay:checkout:1.6.19] AndroidManifest.xml:11:5-37:15
29        <intent>
29-->[com.razorpay:checkout:1.6.19] AndroidManifest.xml:12:9-18:18
30            <action android:name="android.intent.action.VIEW" />
30-->[com.google.firebase:firebase-auth:21.0.8] AndroidManifest.xml:34:17-69
30-->[com.google.firebase:firebase-auth:21.0.8] AndroidManifest.xml:34:25-66
31
32            <data
32-->[com.google.firebase:firebase-auth:21.0.8] AndroidManifest.xml:39:17-42:51
33                android:mimeType="*/*"
34                android:scheme="*" />
34-->[com.google.firebase:firebase-auth:21.0.8] AndroidManifest.xml:42:21-48
35        </intent>
36        <intent>
36-->[com.razorpay:checkout:1.6.19] AndroidManifest.xml:19:9-28:18
37            <action android:name="android.intent.action.VIEW" />
37-->[com.google.firebase:firebase-auth:21.0.8] AndroidManifest.xml:34:17-69
37-->[com.google.firebase:firebase-auth:21.0.8] AndroidManifest.xml:34:25-66
38
39            <category android:name="android.intent.category.BROWSABLE" />
39-->[com.google.firebase:firebase-auth:21.0.8] AndroidManifest.xml:37:17-78
39-->[com.google.firebase:firebase-auth:21.0.8] AndroidManifest.xml:37:27-75
40
41            <data
41-->[com.google.firebase:firebase-auth:21.0.8] AndroidManifest.xml:39:17-42:51
42                android:host="pay"
42-->[com.google.firebase:firebase-auth:21.0.8] AndroidManifest.xml:40:21-49
43                android:mimeType="*/*"
44                android:scheme="upi" />
44-->[com.google.firebase:firebase-auth:21.0.8] AndroidManifest.xml:42:21-48
45        </intent>
46        <intent>
46-->[com.razorpay:checkout:1.6.19] AndroidManifest.xml:29:9-31:18
47            <action android:name="android.intent.action.MAIN" />
47-->src/main/AndroidManifest.xml:37:17-68
47-->src/main/AndroidManifest.xml:37:25-66
48        </intent>
49        <intent>
49-->[com.razorpay:checkout:1.6.19] AndroidManifest.xml:32:9-36:18
50            <action android:name="android.intent.action.SEND" />
50-->[com.razorpay:checkout:1.6.19] AndroidManifest.xml:33:13-65
50-->[com.razorpay:checkout:1.6.19] AndroidManifest.xml:33:21-62
51
52            <data android:mimeType="*/*" />
52-->[com.google.firebase:firebase-auth:21.0.8] AndroidManifest.xml:39:17-42:51
53        </intent>
54        <!-- Needs to be explicitly declared on Android R+ -->
55        <package android:name="com.google.android.apps.maps" />
55-->[com.google.android.gms:play-services-maps:18.0.2] AndroidManifest.xml:33:9-64
55-->[com.google.android.gms:play-services-maps:18.0.2] AndroidManifest.xml:33:18-61
56    </queries>
57
58    <uses-feature
58-->[com.google.android.gms:play-services-maps:18.0.2] AndroidManifest.xml:26:5-28:35
59        android:glEsVersion="0x00020000"
59-->[com.google.android.gms:play-services-maps:18.0.2] AndroidManifest.xml:27:9-41
60        android:required="true" />
60-->[com.google.android.gms:play-services-maps:18.0.2] AndroidManifest.xml:28:9-32
61
62    <application
62-->src/main/AndroidManifest.xml:14:5-68:19
63        android:name="com.jhatfat.Application"
63-->src/main/AndroidManifest.xml:16:9-36
64        android:appComponentFactory="androidx.core.app.CoreComponentFactory"
64-->[androidx.core:core:1.8.0] AndroidManifest.xml:24:18-86
65        android:icon="@mipmap/launcher_icon"
65-->src/main/AndroidManifest.xml:17:9-45
66        android:label="@string/app_name" >
66-->src/main/AndroidManifest.xml:15:9-41
67        <activity
67-->src/main/AndroidManifest.xml:19:9-47:20
68            android:name="com.jhatfat.MainActivity"
68-->src/main/AndroidManifest.xml:20:13-41
69            android:configChanges="orientation|keyboardHidden|keyboard|screenSize|smallestScreenSize|locale|layoutDirection|fontScale|screenLayout|density|uiMode"
69-->src/main/AndroidManifest.xml:24:13-163
70            android:exported="true"
70-->src/main/AndroidManifest.xml:21:13-36
71            android:hardwareAccelerated="true"
71-->src/main/AndroidManifest.xml:25:13-47
72            android:launchMode="singleTop"
72-->src/main/AndroidManifest.xml:22:13-43
73            android:theme="@style/LaunchTheme"
73-->src/main/AndroidManifest.xml:23:13-47
74            android:windowSoftInputMode="adjustResize" >
74-->src/main/AndroidManifest.xml:26:13-55
75
76            <!--
77                 Specifies an Android theme to apply to this Activity as soon as
78                 the Android process has started. This theme is visible to the user
79                 while the Flutter UI initializes. After that, this theme continues
80                 to determine the Window background behind the Flutter UI.
81            -->
82            <meta-data
82-->src/main/AndroidManifest.xml:31:13-34:17
83                android:name="io.flutter.embedding.android.NormalTheme"
83-->src/main/AndroidManifest.xml:32:15-70
84                android:resource="@style/NormalTheme" />
84-->src/main/AndroidManifest.xml:33:15-52
85
86            <intent-filter>
86-->src/main/AndroidManifest.xml:36:13-39:29
87                <action android:name="android.intent.action.MAIN" />
87-->src/main/AndroidManifest.xml:37:17-68
87-->src/main/AndroidManifest.xml:37:25-66
88
89                <category android:name="android.intent.category.LAUNCHER" />
89-->src/main/AndroidManifest.xml:38:17-76
89-->src/main/AndroidManifest.xml:38:27-74
90            </intent-filter>
91            <intent-filter>
91-->src/main/AndroidManifest.xml:41:13-44:29
92                <action android:name="FLUTTER_NOTIFICATION_CLICK" />
92-->src/main/AndroidManifest.xml:42:17-69
92-->src/main/AndroidManifest.xml:42:25-66
93
94                <category android:name="android.intent.category.DEFAULT" />
94-->src/main/AndroidManifest.xml:43:17-76
94-->src/main/AndroidManifest.xml:43:27-73
95            </intent-filter>
96        </activity>
97        <!--
98             Don't delete the meta-data below.
99             This is used by the Flutter tool to generate GeneratedPluginRegistrant.java
100        -->
101        <meta-data
101-->src/main/AndroidManifest.xml:50:8-52:32
102            android:name="flutterEmbedding"
102-->src/main/AndroidManifest.xml:51:12-43
103            android:value="2" />
103-->src/main/AndroidManifest.xml:52:12-29
104        <meta-data
104-->src/main/AndroidManifest.xml:55:9-56:46
105            android:name="com.google.android.geo.API_KEY"
105-->src/main/AndroidManifest.xml:55:20-65
106            android:value="@string/map_key" />
106-->src/main/AndroidManifest.xml:56:13-44
107        <meta-data
107-->src/main/AndroidManifest.xml:58:9-60:69
108            android:name="com.google.android.gms.version"
108-->src/main/AndroidManifest.xml:59:13-58
109            android:value="@integer/google_play_services_version" />
109-->src/main/AndroidManifest.xml:60:13-66
110        <!-- Necessary for apps that target Android 9.0 or higher -->
111        <uses-library
111-->src/main/AndroidManifest.xml:62:9-88
112            android:name="org.apache.http.legacy"
112-->src/main/AndroidManifest.xml:62:23-60
113            android:required="false" />
113-->src/main/AndroidManifest.xml:62:61-85
114
115        <meta-data
115-->src/main/AndroidManifest.xml:64:8-66:70
116            android:name="com.google.firebase.messaging.default_notification_channel_id"
116-->src/main/AndroidManifest.xml:65:12-88
117            android:value="@string/default_notification_channel_id" />
117-->src/main/AndroidManifest.xml:66:12-67
118
119        <service
119-->[:firebase_messaging] AndroidManifest.xml:16:9-19:72
120            android:name="io.flutter.plugins.firebase.messaging.FlutterFirebaseMessagingBackgroundService"
120-->[:firebase_messaging] AndroidManifest.xml:17:13-107
121            android:exported="false"
121-->[:firebase_messaging] AndroidManifest.xml:18:13-37
122            android:permission="android.permission.BIND_JOB_SERVICE" />
122-->[:firebase_messaging] AndroidManifest.xml:19:13-69
123        <service
123-->[:firebase_messaging] AndroidManifest.xml:20:9-26:19
124            android:name="io.flutter.plugins.firebase.messaging.FlutterFirebaseMessagingService"
124-->[:firebase_messaging] AndroidManifest.xml:21:13-97
125            android:exported="false" >
125-->[:firebase_messaging] AndroidManifest.xml:22:13-37
126            <intent-filter>
126-->[:firebase_messaging] AndroidManifest.xml:23:13-25:29
127                <action android:name="com.google.firebase.MESSAGING_EVENT" />
127-->[:firebase_messaging] AndroidManifest.xml:24:17-78
127-->[:firebase_messaging] AndroidManifest.xml:24:25-75
128            </intent-filter>
129        </service>
130
131        <receiver
131-->[:firebase_messaging] AndroidManifest.xml:28:9-35:20
132            android:name="io.flutter.plugins.firebase.messaging.FlutterFirebaseMessagingReceiver"
132-->[:firebase_messaging] AndroidManifest.xml:29:13-98
133            android:exported="true"
133-->[:firebase_messaging] AndroidManifest.xml:30:13-36
134            android:permission="com.google.android.c2dm.permission.SEND" >
134-->[:firebase_messaging] AndroidManifest.xml:31:13-73
135            <intent-filter>
135-->[:firebase_messaging] AndroidManifest.xml:32:13-34:29
136                <action android:name="com.google.android.c2dm.intent.RECEIVE" />
136-->[:firebase_messaging] AndroidManifest.xml:33:17-81
136-->[:firebase_messaging] AndroidManifest.xml:33:25-78
137            </intent-filter>
138        </receiver>
139
140        <service
140-->[:firebase_messaging] AndroidManifest.xml:37:9-41:19
141            android:name="com.google.firebase.components.ComponentDiscoveryService"
141-->[:firebase_messaging] AndroidManifest.xml:37:18-89
142            android:directBootAware="true"
142-->[com.google.firebase:firebase-common:20.1.2] AndroidManifest.xml:35:13-43
143            android:exported="false" >
143-->[com.google.firebase:firebase-messaging:23.0.8] AndroidManifest.xml:55:13-37
144            <meta-data
144-->[:firebase_messaging] AndroidManifest.xml:38:13-40:85
145                android:name="com.google.firebase.components:io.flutter.plugins.firebase.messaging.FlutterFirebaseAppRegistrar"
145-->[:firebase_messaging] AndroidManifest.xml:39:17-128
146                android:value="com.google.firebase.components.ComponentRegistrar" />
146-->[:firebase_messaging] AndroidManifest.xml:40:17-82
147            <meta-data
147-->[:cloud_firestore] AndroidManifest.xml:11:13-13:85
148                android:name="com.google.firebase.components:io.flutter.plugins.firebase.firestore.FlutterFirebaseFirestoreRegistrar"
148-->[:cloud_firestore] AndroidManifest.xml:12:17-134
149                android:value="com.google.firebase.components.ComponentRegistrar" />
149-->[:cloud_firestore] AndroidManifest.xml:13:17-82
150            <meta-data
150-->[:firebase_auth] AndroidManifest.xml:11:13-13:85
151                android:name="com.google.firebase.components:io.flutter.plugins.firebase.auth.FlutterFirebaseAuthRegistrar"
151-->[:firebase_auth] AndroidManifest.xml:12:17-124
152                android:value="com.google.firebase.components.ComponentRegistrar" />
152-->[:firebase_auth] AndroidManifest.xml:13:17-82
153            <meta-data
153-->[:firebase_core] AndroidManifest.xml:11:13-13:85
154                android:name="com.google.firebase.components:io.flutter.plugins.firebase.core.FlutterFirebaseCoreRegistrar"
154-->[:firebase_core] AndroidManifest.xml:12:17-124
155                android:value="com.google.firebase.components.ComponentRegistrar" />
155-->[:firebase_core] AndroidManifest.xml:13:17-82
156            <meta-data
156-->[com.google.firebase:firebase-messaging:23.0.8] AndroidManifest.xml:56:13-58:85
157                android:name="com.google.firebase.components:com.google.firebase.messaging.FirebaseMessagingRegistrar"
157-->[com.google.firebase:firebase-messaging:23.0.8] AndroidManifest.xml:57:17-119
158                android:value="com.google.firebase.components.ComponentRegistrar" />
158-->[com.google.firebase:firebase-messaging:23.0.8] AndroidManifest.xml:58:17-82
159            <meta-data
159-->[com.google.firebase:firebase-auth:21.0.8] AndroidManifest.xml:67:13-69:85
160                android:name="com.google.firebase.components:com.google.firebase.auth.FirebaseAuthRegistrar"
160-->[com.google.firebase:firebase-auth:21.0.8] AndroidManifest.xml:68:17-109
161                android:value="com.google.firebase.components.ComponentRegistrar" />
161-->[com.google.firebase:firebase-auth:21.0.8] AndroidManifest.xml:69:17-82
162            <meta-data
162-->[com.google.firebase:firebase-firestore:24.3.1] AndroidManifest.xml:20:13-22:85
163                android:name="com.google.firebase.components:com.google.firebase.firestore.FirestoreRegistrar"
163-->[com.google.firebase:firebase-firestore:24.3.1] AndroidManifest.xml:21:17-111
164                android:value="com.google.firebase.components.ComponentRegistrar" />
164-->[com.google.firebase:firebase-firestore:24.3.1] AndroidManifest.xml:22:17-82
165            <meta-data
165-->[com.google.firebase:firebase-datatransport:18.1.6] AndroidManifest.xml:28:13-30:85
166                android:name="com.google.firebase.components:com.google.firebase.datatransport.TransportRegistrar"
166-->[com.google.firebase:firebase-datatransport:18.1.6] AndroidManifest.xml:29:17-115
167                android:value="com.google.firebase.components.ComponentRegistrar" />
167-->[com.google.firebase:firebase-datatransport:18.1.6] AndroidManifest.xml:30:17-82
168            <meta-data
168-->[com.google.firebase:firebase-installations:17.0.3] AndroidManifest.xml:18:13-20:85
169                android:name="com.google.firebase.components:com.google.firebase.installations.FirebaseInstallationsRegistrar"
169-->[com.google.firebase:firebase-installations:17.0.3] AndroidManifest.xml:19:17-127
170                android:value="com.google.firebase.components.ComponentRegistrar" />
170-->[com.google.firebase:firebase-installations:17.0.3] AndroidManifest.xml:20:17-82
171        </service>
172
173        <provider
173-->[:firebase_messaging] AndroidManifest.xml:43:9-47:38
174            android:name="io.flutter.plugins.firebase.messaging.FlutterFirebaseMessagingInitProvider"
174-->[:firebase_messaging] AndroidManifest.xml:44:13-102
175            android:authorities="com.jhatfat.flutterfirebasemessaginginitprovider"
175-->[:firebase_messaging] AndroidManifest.xml:45:13-88
176            android:exported="false"
176-->[:firebase_messaging] AndroidManifest.xml:46:13-37
177            android:initOrder="99" />
177-->[:firebase_messaging] AndroidManifest.xml:47:13-35
178
179        <service
179-->[:geolocator_android] AndroidManifest.xml:12:9-16:56
180            android:name="com.baseflow.geolocator.GeolocatorLocationService"
180-->[:geolocator_android] AndroidManifest.xml:13:13-77
181            android:enabled="true"
181-->[:geolocator_android] AndroidManifest.xml:14:13-35
182            android:exported="false"
182-->[:geolocator_android] AndroidManifest.xml:15:13-37
183            android:foregroundServiceType="location" />
183-->[:geolocator_android] AndroidManifest.xml:16:13-53
184
185        <receiver
185-->[:flutter_local_notifications] AndroidManifest.xml:16:9-18:40
186            android:name="com.dexterous.flutterlocalnotifications.ScheduledNotificationReceiver"
186-->[:flutter_local_notifications] AndroidManifest.xml:17:13-97
187            android:exported="false" />
187-->[:flutter_local_notifications] AndroidManifest.xml:18:13-37
188        <receiver
188-->[:flutter_local_notifications] AndroidManifest.xml:19:9-28:20
189            android:name="com.dexterous.flutterlocalnotifications.ScheduledNotificationBootReceiver"
189-->[:flutter_local_notifications] AndroidManifest.xml:20:13-101
190            android:exported="false" >
190-->[:flutter_local_notifications] AndroidManifest.xml:21:13-37
191            <intent-filter>
191-->[:flutter_local_notifications] AndroidManifest.xml:22:13-27:29
192                <action android:name="android.intent.action.BOOT_COMPLETED" />
192-->[:flutter_local_notifications] AndroidManifest.xml:23:17-79
192-->[:flutter_local_notifications] AndroidManifest.xml:23:25-76
193                <action android:name="android.intent.action.MY_PACKAGE_REPLACED" />
193-->[:flutter_local_notifications] AndroidManifest.xml:24:17-84
193-->[:flutter_local_notifications] AndroidManifest.xml:24:25-81
194                <action android:name="android.intent.action.QUICKBOOT_POWERON" />
194-->[:flutter_local_notifications] AndroidManifest.xml:25:17-82
194-->[:flutter_local_notifications] AndroidManifest.xml:25:25-79
195                <action android:name="com.htc.intent.action.QUICKBOOT_POWERON" />
195-->[:flutter_local_notifications] AndroidManifest.xml:26:17-82
195-->[:flutter_local_notifications] AndroidManifest.xml:26:25-79
196            </intent-filter>
197        </receiver>
198
199        <provider
199-->[:image_picker_android] AndroidManifest.xml:10:9-18:20
200            android:name="io.flutter.plugins.imagepicker.ImagePickerFileProvider"
200-->[:image_picker_android] AndroidManifest.xml:11:13-82
201            android:authorities="com.jhatfat.flutter.image_provider"
201-->[:image_picker_android] AndroidManifest.xml:12:13-74
202            android:exported="false"
202-->[:image_picker_android] AndroidManifest.xml:13:13-37
203            android:grantUriPermissions="true" >
203-->[:image_picker_android] AndroidManifest.xml:14:13-47
204            <meta-data
204-->[:image_picker_android] AndroidManifest.xml:15:13-17:75
205                android:name="android.support.FILE_PROVIDER_PATHS"
205-->[:image_picker_android] AndroidManifest.xml:16:17-67
206                android:resource="@xml/flutter_image_picker_file_paths" />
206-->[:image_picker_android] AndroidManifest.xml:17:17-72
207        </provider>
208
209        <activity
209-->[:flutter_paystack] AndroidManifest.xml:10:9-12:54
210            android:name="co.paystack.flutterpaystack.AuthActivity"
210-->[:flutter_paystack] AndroidManifest.xml:11:13-68
211            android:theme="@style/Paystack.Dialog" />
211-->[:flutter_paystack] AndroidManifest.xml:12:13-51
212        <activity
212-->[:url_launcher_android] AndroidManifest.xml:10:9-13:74
213            android:name="io.flutter.plugins.urllauncher.WebViewActivity"
213-->[:url_launcher_android] AndroidManifest.xml:11:13-74
214            android:exported="false"
214-->[:url_launcher_android] AndroidManifest.xml:12:13-37
215            android:theme="@android:style/Theme.NoTitleBar.Fullscreen" />
215-->[:url_launcher_android] AndroidManifest.xml:13:13-71
216
217        <service
217-->[:location] AndroidManifest.xml:13:9-17:56
218            android:name="com.lyokone.location.FlutterLocationService"
218-->[:location] AndroidManifest.xml:14:13-71
219            android:enabled="true"
219-->[:location] AndroidManifest.xml:15:13-35
220            android:exported="false"
220-->[:location] AndroidManifest.xml:16:13-37
221            android:foregroundServiceType="location" />
221-->[:location] AndroidManifest.xml:17:13-53
222
223        <uses-library
223-->[androidx.window:window:1.0.0-beta04] AndroidManifest.xml:25:9-27:40
224            android:name="androidx.window.extensions"
224-->[androidx.window:window:1.0.0-beta04] AndroidManifest.xml:26:13-54
225            android:required="false" />
225-->[androidx.window:window:1.0.0-beta04] AndroidManifest.xml:27:13-37
226        <uses-library
226-->[androidx.window:window:1.0.0-beta04] AndroidManifest.xml:28:9-30:40
227            android:name="androidx.window.sidecar"
227-->[androidx.window:window:1.0.0-beta04] AndroidManifest.xml:29:13-51
228            android:required="false" />
228-->[androidx.window:window:1.0.0-beta04] AndroidManifest.xml:30:13-37
229
230        <receiver
230-->[com.google.firebase:firebase-messaging:23.0.8] AndroidManifest.xml:32:9-39:20
231            android:name="com.google.firebase.iid.FirebaseInstanceIdReceiver"
231-->[com.google.firebase:firebase-messaging:23.0.8] AndroidManifest.xml:33:13-78
232            android:exported="true"
232-->[com.google.firebase:firebase-messaging:23.0.8] AndroidManifest.xml:34:13-36
233            android:permission="com.google.android.c2dm.permission.SEND" >
233-->[com.google.firebase:firebase-messaging:23.0.8] AndroidManifest.xml:35:13-73
234            <intent-filter>
234-->[:firebase_messaging] AndroidManifest.xml:32:13-34:29
235                <action android:name="com.google.android.c2dm.intent.RECEIVE" />
235-->[:firebase_messaging] AndroidManifest.xml:33:17-81
235-->[:firebase_messaging] AndroidManifest.xml:33:25-78
236            </intent-filter>
237        </receiver>
238        <!--
239             FirebaseMessagingService performs security checks at runtime,
240             but set to not exported to explicitly avoid allowing another app to call it.
241        -->
242        <service
242-->[com.google.firebase:firebase-messaging:23.0.8] AndroidManifest.xml:45:9-52:19
243            android:name="com.google.firebase.messaging.FirebaseMessagingService"
243-->[com.google.firebase:firebase-messaging:23.0.8] AndroidManifest.xml:46:13-82
244            android:directBootAware="true"
244-->[com.google.firebase:firebase-messaging:23.0.8] AndroidManifest.xml:47:13-43
245            android:exported="false" >
245-->[com.google.firebase:firebase-messaging:23.0.8] AndroidManifest.xml:48:13-37
246            <intent-filter android:priority="-500" >
246-->[:firebase_messaging] AndroidManifest.xml:23:13-25:29
247                <action android:name="com.google.firebase.MESSAGING_EVENT" />
247-->[:firebase_messaging] AndroidManifest.xml:24:17-78
247-->[:firebase_messaging] AndroidManifest.xml:24:25-75
248            </intent-filter>
249        </service>
250
251        <activity
251-->[com.google.firebase:firebase-auth:21.0.8] AndroidManifest.xml:27:9-44:20
252            android:name="com.google.firebase.auth.internal.GenericIdpActivity"
252-->[com.google.firebase:firebase-auth:21.0.8] AndroidManifest.xml:28:13-80
253            android:excludeFromRecents="true"
253-->[com.google.firebase:firebase-auth:21.0.8] AndroidManifest.xml:29:13-46
254            android:exported="true"
254-->[com.google.firebase:firebase-auth:21.0.8] AndroidManifest.xml:30:13-36
255            android:launchMode="singleTask"
255-->[com.google.firebase:firebase-auth:21.0.8] AndroidManifest.xml:31:13-44
256            android:theme="@android:style/Theme.Translucent.NoTitleBar" >
256-->[com.google.firebase:firebase-auth:21.0.8] AndroidManifest.xml:32:13-72
257            <intent-filter>
257-->[com.google.firebase:firebase-auth:21.0.8] AndroidManifest.xml:33:13-43:29
258                <action android:name="android.intent.action.VIEW" />
258-->[com.google.firebase:firebase-auth:21.0.8] AndroidManifest.xml:34:17-69
258-->[com.google.firebase:firebase-auth:21.0.8] AndroidManifest.xml:34:25-66
259
260                <category android:name="android.intent.category.DEFAULT" />
260-->src/main/AndroidManifest.xml:43:17-76
260-->src/main/AndroidManifest.xml:43:27-73
261                <category android:name="android.intent.category.BROWSABLE" />
261-->[com.google.firebase:firebase-auth:21.0.8] AndroidManifest.xml:37:17-78
261-->[com.google.firebase:firebase-auth:21.0.8] AndroidManifest.xml:37:27-75
262
263                <data
263-->[com.google.firebase:firebase-auth:21.0.8] AndroidManifest.xml:39:17-42:51
264                    android:host="firebase.auth"
264-->[com.google.firebase:firebase-auth:21.0.8] AndroidManifest.xml:40:21-49
265                    android:path="/"
265-->[com.google.firebase:firebase-auth:21.0.8] AndroidManifest.xml:41:21-37
266                    android:scheme="genericidp" />
266-->[com.google.firebase:firebase-auth:21.0.8] AndroidManifest.xml:42:21-48
267            </intent-filter>
268        </activity>
269        <activity
269-->[com.google.firebase:firebase-auth:21.0.8] AndroidManifest.xml:45:9-62:20
270            android:name="com.google.firebase.auth.internal.RecaptchaActivity"
270-->[com.google.firebase:firebase-auth:21.0.8] AndroidManifest.xml:46:13-79
271            android:excludeFromRecents="true"
271-->[com.google.firebase:firebase-auth:21.0.8] AndroidManifest.xml:47:13-46
272            android:exported="true"
272-->[com.google.firebase:firebase-auth:21.0.8] AndroidManifest.xml:48:13-36
273            android:launchMode="singleTask"
273-->[com.google.firebase:firebase-auth:21.0.8] AndroidManifest.xml:49:13-44
274            android:theme="@android:style/Theme.Translucent.NoTitleBar" >
274-->[com.google.firebase:firebase-auth:21.0.8] AndroidManifest.xml:50:13-72
275            <intent-filter>
275-->[com.google.firebase:firebase-auth:21.0.8] AndroidManifest.xml:51:13-61:29
276                <action android:name="android.intent.action.VIEW" />
276-->[com.google.firebase:firebase-auth:21.0.8] AndroidManifest.xml:34:17-69
276-->[com.google.firebase:firebase-auth:21.0.8] AndroidManifest.xml:34:25-66
277
278                <category android:name="android.intent.category.DEFAULT" />
278-->src/main/AndroidManifest.xml:43:17-76
278-->src/main/AndroidManifest.xml:43:27-73
279                <category android:name="android.intent.category.BROWSABLE" />
279-->[com.google.firebase:firebase-auth:21.0.8] AndroidManifest.xml:37:17-78
279-->[com.google.firebase:firebase-auth:21.0.8] AndroidManifest.xml:37:27-75
280
281                <data
281-->[com.google.firebase:firebase-auth:21.0.8] AndroidManifest.xml:39:17-42:51
282                    android:host="firebase.auth"
282-->[com.google.firebase:firebase-auth:21.0.8] AndroidManifest.xml:40:21-49
283                    android:path="/"
283-->[com.google.firebase:firebase-auth:21.0.8] AndroidManifest.xml:41:21-37
284                    android:scheme="recaptcha" />
284-->[com.google.firebase:firebase-auth:21.0.8] AndroidManifest.xml:42:21-48
285            </intent-filter>
286        </activity>
287
288        <provider
288-->[com.google.firebase:firebase-common:20.1.2] AndroidManifest.xml:26:9-31:39
289            android:name="com.google.firebase.provider.FirebaseInitProvider"
289-->[com.google.firebase:firebase-common:20.1.2] AndroidManifest.xml:27:13-77
290            android:authorities="com.jhatfat.firebaseinitprovider"
290-->[com.google.firebase:firebase-common:20.1.2] AndroidManifest.xml:28:13-72
291            android:directBootAware="true"
291-->[com.google.firebase:firebase-common:20.1.2] AndroidManifest.xml:29:13-43
292            android:exported="false"
292-->[com.google.firebase:firebase-common:20.1.2] AndroidManifest.xml:30:13-37
293            android:initOrder="100" />
293-->[com.google.firebase:firebase-common:20.1.2] AndroidManifest.xml:31:13-36
294
295        <receiver
295-->[com.razorpay:checkout:1.6.19] AndroidManifest.xml:40:9-46:20
296            android:name="com.razorpay.RzpTokenReceiver"
296-->[com.razorpay:checkout:1.6.19] AndroidManifest.xml:41:13-57